#
# There is insufficient memory for the Java Runtime Environment to continue.
# Native memory allocation (malloc) failed to allocate 262160 bytes for Chunk::new
# Possible reasons:
#   The system is out of physical RAM or swap space
#   The process is running with CompressedOops enabled, and the Java Heap may be blocking the growth of the native heap
# Possible solutions:
#   Reduce memory load on the system
#   Increase physical memory or swap space
#   Check if swap backing store is full
#   Decrease Java heap size (-Xmx/-Xms)
#   Decrease number of Java threads
#   Decrease Java thread stack sizes (-Xss)
#   Set larger code cache with -XX:ReservedCodeCacheSize=
#   JVM is running with Unscaled Compressed Oops mode in which the Java heap is
#     placed in the first 4GB address space. The Java Heap base address is the
#     maximum limit for the native heap growth. Please use -XX:HeapBaseMinAddress
#     to set the Java Heap base and to place the Java Heap above 4GB virtual address.
# This output file may be truncated or incomplete.
#
#  Out of Memory Error (allocation.cpp:389), pid=19308, tid=0x00000000000064e4
#
# JRE version: Java(TM) SE Runtime Environment (8.0_202-b08) (build 1.8.0_202-b08)
# Java VM: Java HotSpot(TM) 64-Bit Server VM (25.202-b08 mixed mode windows-amd64 compressed oops)
# Failed to write core dump. Minidumps are not enabled by default on client versions of Windows
#

---------------  T H R E A D  ---------------

Current thread (0x0000000018e09800):  JavaThread "C2 CompilerThread1" daemon [_thread_in_native, id=25828, stack(0x00000000190d0000,0x00000000191d0000)]

Stack: [0x00000000190d0000,0x00000000191d0000]
[error occurred during error reporting (printing stack bounds), id 0xc0000005]

Native frames: (J=compiled Java code, j=interpreted, Vv=VM code, C=native code)


Current CompileTask:
C2:   3520 2176       4       java.net.URLClassLoader$1::run (5 bytes)


---------------  P R O C E S S  ---------------

Java Threads: ( => current thread )
  0x0000000018c5d000 JavaThread "restartedMain" [_thread_in_native, id=15520, stack(0x000000001aee0000,0x000000001afe0000)]
  0x0000000018b2e000 JavaThread "Thread-0" [_thread_blocked, id=25156, stack(0x0000000019e10000,0x0000000019f10000)]
  0x0000000018ea4000 JavaThread "Service Thread" daemon [_thread_blocked, id=21164, stack(0x00000000192d0000,0x00000000193d0000)]
  0x0000000018e0e800 JavaThread "C1 CompilerThread2" daemon [_thread_in_vm, id=25636, stack(0x00000000191d0000,0x00000000192d0000)]
=>0x0000000018e09800 JavaThread "C2 CompilerThread1" daemon [_thread_in_native, id=25828, stack(0x00000000190d0000,0x00000000191d0000)]
  0x0000000018e08800 JavaThread "C2 CompilerThread0" daemon [_thread_blocked, id=19256, stack(0x0000000018fd0000,0x00000000190d0000)]
  0x0000000018d5b000 JavaThread "Monitor Ctrl-Break" daemon [_thread_in_native, id=17940, stack(0x0000000018ed0000,0x0000000018fd0000)]
  0x000000001747b800 JavaThread "Attach Listener" daemon [_thread_blocked, id=17736, stack(0x00000000189d0000,0x0000000018ad0000)]
  0x000000001747a800 JavaThread "Signal Dispatcher" daemon [_thread_blocked, id=4432, stack(0x00000000188d0000,0x00000000189d0000)]
  0x0000000002a99000 JavaThread "Finalizer" daemon [_thread_blocked, id=7196, stack(0x00000000186d0000,0x00000000187d0000)]
  0x0000000002a96000 JavaThread "Reference Handler" daemon [_thread_blocked, id=21880, stack(0x00000000185d0000,0x00000000186d0000)]
  0x00000000029a5800 JavaThread "main" [_thread_blocked, id=21300, stack(0x00000000026a0000,0x00000000027a0000)]

Other Threads:
  0x0000000017437000 VMThread [stack: 0x00000000184d0000,0x00000000185d0000] [id=20156]
  0x0000000018ecd000 WatcherThread [stack: 0x0000000019bd0000,0x0000000019cd0000] [id=26024]

VM state:not at safepoint (normal execution)

VM Mutex/Monitor currently owned by a thread: None

heap address: 0x0000000084000000, size: 1984 MB, Compressed Oops mode: 32-bit
Narrow klass base: 0x0000000000000000, Narrow klass shift: 3
Compressed class space size: 1073741824 Address: 0x0000000100000000

Heap:
 PSYoungGen      total 136192K, used 47909K [0x00000000d6b00000, 0x00000000dfa00000, 0x0000000100000000)
  eden space 126976K, 37% used [0x00000000d6b00000,0x00000000d99c96a8,0x00000000de700000)
  from space 9216K, 0% used [0x00000000df100000,0x00000000df100000,0x00000000dfa00000)
  to   space 9728K, 0% used [0x00000000de700000,0x00000000de700000,0x00000000df080000)
 ParOldGen       total 46080K, used 6222K [0x0000000084000000, 0x0000000086d00000, 0x00000000d6b00000)
  object space 46080K, 13% used [0x0000000084000000,0x0000000084613a30,0x0000000086d00000)
 Metaspace       used 22219K, capacity 23240K, committed 23552K, reserved 1069056K
  class space    used 2770K, capacity 2999K, committed 3072K, reserved 1048576K

Card table byte_map: [0x0000000011e60000,0x0000000012250000] byte_map_base: 0x0000000011a40000

Marking Bits: (ParMarkBitMap*) 0x0000000056dc5ce0
 Begin Bits: [0x00000000128f0000, 0x00000000147f0000)
 End Bits:   [0x00000000147f0000, 0x00000000166f0000)

Polling page: 0x0000000000e60000

CodeCache: size=245760Kb used=7468Kb max_used=7469Kb free=238291Kb
 bounds [0x0000000002aa0000, 0x0000000003200000, 0x0000000011aa0000]
 total_blobs=2553 nmethods=2187 adapters=278
 compilation: enabled

Compilation events (10 events):
Event: 3.512 Thread 0x0000000018e08800 2187       4       org.springframework.beans.factory.support.AbstractBeanFactory::getMergedLocalBeanDefinition (38 bytes)
Event: 3.512 Thread 0x0000000018e0e800 nmethod 2186 0x00000000031e66d0 code [0x00000000031e6880, 0x00000000031e6df8]
Event: 3.512 Thread 0x0000000018e0e800 2183       3       org.springframework.core.annotation.AbstractMergedAnnotation::lambda$asAnnotationAttributes$0 (14 bytes)
Event: 3.513 Thread 0x0000000018e0e800 nmethod 2183 0x00000000031e79d0 code [0x00000000031e7ba0, 0x00000000031e8328]
Event: 3.513 Thread 0x0000000018e0e800 2184       3       org.springframework.core.annotation.AnnotationAttributes::<init> (29 bytes)
Event: 3.513 Thread 0x0000000018e0e800 nmethod 2184 0x00000000031ecb50 code [0x00000000031ecd00, 0x00000000031ed2f8]
Event: 3.513 Thread 0x0000000018e0e800 2185       3       org.springframework.core.annotation.TypeMappedAnnotation::getMetaTypes (8 bytes)
Event: 3.513 Thread 0x0000000018e0e800 nmethod 2185 0x00000000031e75d0 code [0x00000000031e7720, 0x00000000031e7910]
Event: 3.514 Thread 0x0000000018e0e800 2188       3       java.util.ArrayList::addAll (54 bytes)
Event: 3.514 Thread 0x0000000018e0e800 nmethod 2188 0x00000000031ec010 code [0x00000000031ec1c0, 0x00000000031ec8a8]

GC Heap History (10 events):
Event: 1.973 GC heap before
{Heap before GC invocations=3 (full 0):
 PSYoungGen      total 36864K, used 33890K [0x00000000d6b00000, 0x00000000db300000, 0x0000000100000000)
  eden space 31744K, 100% used [0x00000000d6b00000,0x00000000d8a00000,0x00000000d8a00000)
  from space 5120K, 41% used [0x00000000d8f00000,0x00000000d9118828,0x00000000d9400000)
  to   space 5120K, 0% used [0x00000000d8a00000,0x00000000d8a00000,0x00000000d8f00000)
 ParOldGen       total 84992K, used 16K [0x0000000084000000, 0x0000000089300000, 0x00000000d6b00000)
  object space 84992K, 0% used [0x0000000084000000,0x0000000084004000,0x0000000089300000)
 Metaspace       used 11025K, capacity 11384K, committed 11520K, reserved 1058816K
  class space    used 1312K, capacity 1439K, committed 1536K, reserved 1048576K
Event: 1.978 GC heap after
Heap after GC invocations=3 (full 0):
 PSYoungGen      total 36864K, used 4953K [0x00000000d6b00000, 0x00000000db300000, 0x0000000100000000)
  eden space 31744K, 0% used [0x00000000d6b00000,0x00000000d6b00000,0x00000000d8a00000)
  from space 5120K, 96% used [0x00000000d8a00000,0x00000000d8ed6588,0x00000000d8f00000)
  to   space 5120K, 0% used [0x00000000dae00000,0x00000000dae00000,0x00000000db300000)
 ParOldGen       total 84992K, used 24K [0x0000000084000000, 0x0000000089300000, 0x00000000d6b00000)
  object space 84992K, 0% used [0x0000000084000000,0x0000000084006000,0x0000000089300000)
 Metaspace       used 11025K, capacity 11384K, committed 11520K, reserved 1058816K
  class space    used 1312K, capacity 1439K, committed 1536K, reserved 1048576K
}
Event: 2.399 GC heap before
{Heap before GC invocations=4 (full 0):
 PSYoungGen      total 36864K, used 36697K [0x00000000d6b00000, 0x00000000db300000, 0x0000000100000000)
  eden space 31744K, 100% used [0x00000000d6b00000,0x00000000d8a00000,0x00000000d8a00000)
  from space 5120K, 96% used [0x00000000d8a00000,0x00000000d8ed6588,0x00000000d8f00000)
  to   space 5120K, 0% used [0x00000000dae00000,0x00000000dae00000,0x00000000db300000)
 ParOldGen       total 84992K, used 24K [0x0000000084000000, 0x0000000089300000, 0x00000000d6b00000)
  object space 84992K, 0% used [0x0000000084000000,0x0000000084006000,0x0000000089300000)
 Metaspace       used 14720K, capacity 15368K, committed 15616K, reserved 1062912K
  class space    used 1805K, capacity 1943K, committed 2048K, reserved 1048576K
Event: 2.405 GC heap after
Heap after GC invocations=4 (full 0):
 PSYoungGen      total 68608K, used 5104K [0x00000000d6b00000, 0x00000000db300000, 0x0000000100000000)
  eden space 63488K, 0% used [0x00000000d6b00000,0x00000000d6b00000,0x00000000da900000)
  from space 5120K, 99% used [0x00000000dae00000,0x00000000db2fc278,0x00000000db300000)
  to   space 5120K, 0% used [0x00000000da900000,0x00000000da900000,0x00000000dae00000)
 ParOldGen       total 84992K, used 960K [0x0000000084000000, 0x0000000089300000, 0x00000000d6b00000)
  object space 84992K, 1% used [0x0000000084000000,0x00000000840f0130,0x0000000089300000)
 Metaspace       used 14720K, capacity 15368K, committed 15616K, reserved 1062912K
  class space    used 1805K, capacity 1943K, committed 2048K, reserved 1048576K
}
Event: 2.789 GC heap before
{Heap before GC invocations=5 (full 0):
 PSYoungGen      total 68608K, used 68561K [0x00000000d6b00000, 0x00000000db300000, 0x0000000100000000)
  eden space 63488K, 99% used [0x00000000d6b00000,0x00000000da8f8208,0x00000000da900000)
  from space 5120K, 99% used [0x00000000dae00000,0x00000000db2fc278,0x00000000db300000)
  to   space 5120K, 0% used [0x00000000da900000,0x00000000da900000,0x00000000dae00000)
 ParOldGen       total 84992K, used 960K [0x0000000084000000, 0x0000000089300000, 0x00000000d6b00000)
  object space 84992K, 1% used [0x0000000084000000,0x00000000840f0130,0x0000000089300000)
 Metaspace       used 19604K, capacity 20476K, committed 20608K, reserved 1067008K
  class space    used 2451K, capacity 2669K, committed 2688K, reserved 1048576K
Event: 2.799 GC heap after
Heap after GC invocations=5 (full 0):
 PSYoungGen      total 68608K, used 5095K [0x00000000d6b00000, 0x00000000dfb00000, 0x0000000100000000)
  eden space 63488K, 0% used [0x00000000d6b00000,0x00000000d6b00000,0x00000000da900000)
  from space 5120K, 99% used [0x00000000da900000,0x00000000dadf9f40,0x00000000dae00000)
  to   space 10240K, 0% used [0x00000000df100000,0x00000000df100000,0x00000000dfb00000)
 ParOldGen       total 84992K, used 4815K [0x0000000084000000, 0x0000000089300000, 0x00000000d6b00000)
  object space 84992K, 5% used [0x0000000084000000,0x00000000844b3ff8,0x0000000089300000)
 Metaspace       used 19604K, capacity 20476K, committed 20608K, reserved 1067008K
  class space    used 2451K, capacity 2669K, committed 2688K, reserved 1048576K
}
Event: 2.917 GC heap before
{Heap before GC invocations=6 (full 0):
 PSYoungGen      total 68608K, used 34342K [0x00000000d6b00000, 0x00000000dfb00000, 0x0000000100000000)
  eden space 63488K, 46% used [0x00000000d6b00000,0x00000000d878faa0,0x00000000da900000)
  from space 5120K, 99% used [0x00000000da900000,0x00000000dadf9f40,0x00000000dae00000)
  to   space 10240K, 0% used [0x00000000df100000,0x00000000df100000,0x00000000dfb00000)
 ParOldGen       total 84992K, used 4815K [0x0000000084000000, 0x0000000089300000, 0x00000000d6b00000)
  object space 84992K, 5% used [0x0000000084000000,0x00000000844b3ff8,0x0000000089300000)
 Metaspace       used 20264K, capacity 21124K, committed 21248K, reserved 1067008K
  class space    used 2526K, capacity 2751K, committed 2816K, reserved 1048576K
Event: 2.922 GC heap after
Heap after GC invocations=6 (full 0):
 PSYoungGen      total 136192K, used 5848K [0x00000000d6b00000, 0x00000000dfa00000, 0x0000000100000000)
  eden space 126976K, 0% used [0x00000000d6b00000,0x00000000d6b00000,0x00000000de700000)
  from space 9216K, 63% used [0x00000000df100000,0x00000000df6b6140,0x00000000dfa00000)
  to   space 9728K, 0% used [0x00000000de700000,0x00000000de700000,0x00000000df080000)
 ParOldGen       total 84992K, used 4823K [0x0000000084000000, 0x0000000089300000, 0x00000000d6b00000)
  object space 84992K, 5% used [0x0000000084000000,0x00000000844b5ff8,0x0000000089300000)
 Metaspace       used 20264K, capacity 21124K, committed 21248K, reserved 1067008K
  class space    used 2526K, capacity 2751K, committed 2816K, reserved 1048576K
}
Event: 2.922 GC heap before
{Heap before GC invocations=7 (full 1):
 PSYoungGen      total 136192K, used 5848K [0x00000000d6b00000, 0x00000000dfa00000, 0x0000000100000000)
  eden space 126976K, 0% used [0x00000000d6b00000,0x00000000d6b00000,0x00000000de700000)
  from space 9216K, 63% used [0x00000000df100000,0x00000000df6b6140,0x00000000dfa00000)
  to   space 9728K, 0% used [0x00000000de700000,0x00000000de700000,0x00000000df080000)
 ParOldGen       total 84992K, used 4823K [0x0000000084000000, 0x0000000089300000, 0x00000000d6b00000)
  object space 84992K, 5% used [0x0000000084000000,0x00000000844b5ff8,0x0000000089300000)
 Metaspace       used 20264K, capacity 21124K, committed 21248K, reserved 1067008K
  class space    used 2526K, capacity 2751K, committed 2816K, reserved 1048576K
Event: 2.954 GC heap after
Heap after GC invocations=7 (full 1):
 PSYoungGen      total 136192K, used 0K [0x00000000d6b00000, 0x00000000dfa00000, 0x0000000100000000)
  eden space 126976K, 0% used [0x00000000d6b00000,0x00000000d6b00000,0x00000000de700000)
  from space 9216K, 0% used [0x00000000df100000,0x00000000df100000,0x00000000dfa00000)
  to   space 9728K, 0% used [0x00000000de700000,0x00000000de700000,0x00000000df080000)
 ParOldGen       total 46080K, used 6222K [0x0000000084000000, 0x0000000086d00000, 0x00000000d6b00000)
  object space 46080K, 13% used [0x0000000084000000,0x0000000084613a30,0x0000000086d00000)
 Metaspace       used 20264K, capacity 21124K, committed 21248K, reserved 1067008K
  class space    used 2526K, capacity 2751K, committed 2816K, reserved 1048576K
}

Deoptimization events (10 events):
Event: 3.328 Thread 0x0000000018c5d000 Uncommon trap: reason=class_check action=maybe_recompile pc=0x0000000002ccd514 method=java.lang.String.equals(Ljava/lang/Object;)Z @ 8
Event: 3.328 Thread 0x0000000018c5d000 Uncommon trap: reason=class_check action=maybe_recompile pc=0x0000000002ccd514 method=java.lang.String.equals(Ljava/lang/Object;)Z @ 8
Event: 3.328 Thread 0x0000000018c5d000 Uncommon trap: reason=class_check action=maybe_recompile pc=0x0000000002ccd514 method=java.lang.String.equals(Ljava/lang/Object;)Z @ 8
Event: 3.330 Thread 0x0000000018c5d000 Uncommon trap: reason=unstable_if action=reinterpret pc=0x0000000003107ce8 method=org.springframework.core.annotation.MergedAnnotationsCollection.isMappingForType(Lorg/springframework/core/annotation/AnnotationTypeMapping;Ljava/lang/Object;)Z @ 13
Event: 3.330 Thread 0x0000000018c5d000 Uncommon trap: reason=class_check action=maybe_recompile pc=0x0000000002ccd514 method=java.lang.String.equals(Ljava/lang/Object;)Z @ 8
Event: 3.382 Thread 0x0000000018c5d000 Uncommon trap: reason=array_check action=maybe_recompile pc=0x00000000031828c0 method=java.util.AbstractCollection.toArray([Ljava/lang/Object;)[Ljava/lang/Object; @ 119
Event: 3.382 Thread 0x0000000018c5d000 Uncommon trap: reason=array_check action=maybe_recompile pc=0x00000000031828c0 method=java.util.AbstractCollection.toArray([Ljava/lang/Object;)[Ljava/lang/Object; @ 119
Event: 3.384 Thread 0x0000000018c5d000 Uncommon trap: reason=array_check action=maybe_recompile pc=0x00000000031828c0 method=java.util.AbstractCollection.toArray([Ljava/lang/Object;)[Ljava/lang/Object; @ 119
Event: 3.385 Thread 0x0000000018c5d000 Uncommon trap: reason=array_check action=maybe_recompile pc=0x00000000031828c0 method=java.util.AbstractCollection.toArray([Ljava/lang/Object;)[Ljava/lang/Object; @ 119
Event: 3.453 Thread 0x0000000018c5d000 Uncommon trap: reason=unstable_if action=reinterpret pc=0x0000000002f931b8 method=java.util.Arrays.equals([Ljava/lang/Object;[Ljava/lang/Object;)Z @ 65

Classes redefined (0 events):
No events

Internal exceptions (10 events):
Event: 2.624 Thread 0x0000000018c5d000 Exception <a 'java/lang/ClassNotFoundException': org/springframework/beans/factory/AwareCustomizer> (0x00000000d84e4440) thrown at [C:\re\workspace\8-2-build-windows-amd64-cygwin\jdk8u202\12323\hotspot\src\share\vm\classfile\systemDictionary.cpp, line 210
Event: 2.625 Thread 0x0000000018c5d000 Exception <a 'java/lang/ClassNotFoundException': org/springframework/beans/factory/BeanClassLoaderAwareCustomizer> (0x00000000d84fae60) thrown at [C:\re\workspace\8-2-build-windows-amd64-cygwin\jdk8u202\12323\hotspot\src\share\vm\classfile\systemDictionar
Event: 2.626 Thread 0x0000000018c5d000 Exception <a 'java/lang/ClassNotFoundException': org/springframework/beans/factory/AwareCustomizer> (0x00000000d850eda8) thrown at [C:\re\workspace\8-2-build-windows-amd64-cygwin\jdk8u202\12323\hotspot\src\share\vm\classfile\systemDictionary.cpp, line 210
Event: 2.626 Thread 0x0000000018c5d000 Exception <a 'java/lang/ClassNotFoundException': org/springframework/context/EnvironmentAwareCustomizer> (0x00000000d8522ec0) thrown at [C:\re\workspace\8-2-build-windows-amd64-cygwin\jdk8u202\12323\hotspot\src\share\vm\classfile\systemDictionary.cpp, lin
Event: 2.627 Thread 0x0000000018c5d000 Exception <a 'java/lang/ClassNotFoundException': org/springframework/beans/factory/AwareCustomizer> (0x00000000d8630b50) thrown at [C:\re\workspace\8-2-build-windows-amd64-cygwin\jdk8u202\12323\hotspot\src\share\vm\classfile\systemDictionary.cpp, line 210
Event: 2.706 Thread 0x0000000018c5d000 Exception <a 'java/lang/NoSuchMethodError': java.lang.Object.lambda$or$2(Ljava/util/function/Predicate;Ljava/lang/Object;)Z> (0x00000000d8f5a6c8) thrown at [C:\re\workspace\8-2-build-windows-amd64-cygwin\jdk8u202\12323\hotspot\src\share\vm\interpreter\lin
Event: 2.712 Thread 0x000000001a13f800 Exception <a 'java/lang/IncompatibleClassChangeError': Found class java.lang.Object, but interface was expected> (0x00000000d908d408) thrown at [C:\re\workspace\8-2-build-windows-amd64-cygwin\jdk8u202\12323\hotspot\src\share\vm\interpreter\linkResolver.cp
Event: 2.873 Thread 0x0000000018c5d000 Exception <a 'java/lang/IncompatibleClassChangeError': Found class java.lang.Object, but interface was expected> (0x00000000d8476bb8) thrown at [C:\re\workspace\8-2-build-windows-amd64-cygwin\jdk8u202\12323\hotspot\src\share\vm\interpreter\linkResolver.cp
Event: 2.955 Thread 0x0000000018c5d000 Exception <a 'java/lang/NoSuchMethodError': java.lang.Object.lambda$getAllAnnotationAttributes$0(Lorg/springframework/util/MultiValueMap;)Lorg/springframework/util/MultiValueMap;> (0x00000000d6b12890) thrown at [C:\re\workspace\8-2-build-windows-amd64-cyg
Event: 2.957 Thread 0x0000000018c5d000 Exception <a 'java/lang/NoSuchMethodError': java.lang.Object.lambda$identity$2(Ljava/lang/Object;)Ljava/lang/Object;> (0x00000000d6b2a688) thrown at [C:\re\workspace\8-2-build-windows-amd64-cygwin\jdk8u202\12323\hotspot\src\share\vm\interpreter\linkResolv

Events (10 events):
Event: 3.516 loading class org/springframework/boot/autoconfigure/jms/artemis/ArtemisAutoConfiguration
Event: 3.516 loading class org/springframework/boot/autoconfigure/jms/artemis/ArtemisAutoConfiguration done
Event: 3.516 loading class org/springframework/boot/autoconfigure/orm/jpa/HibernateJpaAutoConfiguration
Event: 3.516 loading class org/springframework/boot/autoconfigure/orm/jpa/HibernateJpaAutoConfiguration done
Event: 3.517 loading class org/springframework/boot/autoconfigure/transaction/TransactionAutoConfiguration
Event: 3.517 loading class org/springframework/boot/autoconfigure/transaction/TransactionAutoConfiguration done
Event: 3.517 loading class org/springframework/boot/autoconfigure/transaction/jta/JndiJtaConfiguration
Event: 3.517 loading class org/springframework/boot/autoconfigure/transaction/jta/JndiJtaConfiguration done
Event: 3.518 loading class org/springframework/boot/autoconfigure/transaction/jta/AtomikosJtaConfiguration
Event: 3.518 loading class org/springframework/boot/autoconfigure/transaction/jta/AtomikosJtaConfiguration done


Dynamic libraries:
0x00007ff71aa50000 - 0x00007ff71aa87000 	C:\Program Files\Java\jdk1.8.0_202\bin\java.exe
0x00007fff454f0000 - 0x00007fff456e8000 	C:\Windows\SYSTEM32\ntdll.dll
0x00007fff44d80000 - 0x00007fff44e3f000 	C:\Windows\System32\KERNEL32.DLL
0x00007fff430c0000 - 0x00007fff43392000 	C:\Windows\System32\KERNELBASE.dll
0x00007fff43b50000 - 0x00007fff43bfe000 	C:\Windows\System32\ADVAPI32.dll
0x00007fff45410000 - 0x00007fff454ae000 	C:\Windows\System32\msvcrt.dll
0x00007fff45140000 - 0x00007fff451dc000 	C:\Windows\System32\sechost.dll
0x00007fff437c0000 - 0x00007fff438e5000 	C:\Windows\System32\RPCRT4.dll
0x00007fff44f20000 - 0x00007fff450c1000 	C:\Windows\System32\USER32.dll
0x00007fff433a0000 - 0x00007fff433c2000 	C:\Windows\System32\win32u.dll
0x00007fff43600000 - 0x00007fff4362b000 	C:\Windows\System32\GDI32.dll
0x00007fff42db0000 - 0x00007fff42ebf000 	C:\Windows\System32\gdi32full.dll
0x00007fff42ce0000 - 0x00007fff42d7d000 	C:\Windows\System32\msvcp_win.dll
0x00007fff42fc0000 - 0x00007fff430c0000 	C:\Windows\System32\ucrtbase.dll
0x00007fff30f70000 - 0x00007fff3120a000 	C:\Windows\WinSxS\amd64_microsoft.windows.common-controls_6595b64144ccf1df_6.0.19041.1110_none_60b5254171f9507e\COMCTL32.dll
0x00007fff43c10000 - 0x00007fff43c42000 	C:\Windows\System32\IMM32.DLL
0x0000000056e50000 - 0x0000000056f22000 	C:\Program Files\Java\jdk1.8.0_202\jre\bin\msvcr100.dll
0x00000000565a0000 - 0x0000000056e45000 	C:\Program Files\Java\jdk1.8.0_202\jre\bin\server\jvm.dll
0x00007fff45130000 - 0x00007fff45138000 	C:\Windows\System32\PSAPI.DLL
0x00007fff3ce90000 - 0x00007fff3ce99000 	C:\Windows\SYSTEM32\WSOCK32.dll
0x00007fff44c00000 - 0x00007fff44c6b000 	C:\Windows\System32\WS2_32.dll
0x00007fff3b1e0000 - 0x00007fff3b1ea000 	C:\Windows\SYSTEM32\VERSION.dll
0x00007fff2fd40000 - 0x00007fff2fd67000 	C:\Windows\SYSTEM32\WINMM.dll
0x00007fff3ce80000 - 0x00007fff3ce8f000 	C:\Program Files\Java\jdk1.8.0_202\jre\bin\verify.dll
0x00007fff3ce20000 - 0x00007fff3ce49000 	C:\Program Files\Java\jdk1.8.0_202\jre\bin\java.dll
0x00007fff3b890000 - 0x00007fff3b8b3000 	C:\Program Files\Java\jdk1.8.0_202\jre\bin\instrument.dll
0x00007fff28b20000 - 0x00007fff28b36000 	C:\Program Files\Java\jdk1.8.0_202\jre\bin\zip.dll
0x00007fff44150000 - 0x00007fff44895000 	C:\Windows\System32\SHELL32.dll
0x00007fff40b90000 - 0x00007fff41322000 	C:\Windows\SYSTEM32\windows.storage.dll
0x00007fff448a0000 - 0x00007fff44bf5000 	C:\Windows\System32\combase.dll
0x00007fff42640000 - 0x00007fff42670000 	C:\Windows\SYSTEM32\Wldp.dll
0x00007fff44cd0000 - 0x00007fff44d7d000 	C:\Windows\System32\SHCORE.dll
0x00007fff45290000 - 0x00007fff452e5000 	C:\Windows\System32\shlwapi.dll
0x00007fff42b20000 - 0x00007fff42b3f000 	C:\Windows\SYSTEM32\profapi.dll
0x00007fff3b7e0000 - 0x00007fff3b7fa000 	C:\Program Files\JetBrains\IntelliJ IDEA Community Edition 2022.3.2\bin\breakgen64.dll
0x00007fff26300000 - 0x00007fff2631a000 	C:\Program Files\Java\jdk1.8.0_202\jre\bin\net.dll
0x00007fff33b30000 - 0x00007fff33d1c000 	C:\Windows\SYSTEM32\urlmon.dll
0x00007fff33840000 - 0x00007fff33af1000 	C:\Windows\SYSTEM32\iertutil.dll
0x00007fff42130000 - 0x00007fff4213c000 	C:\Windows\SYSTEM32\netutils.dll
0x00007fff33b00000 - 0x00007fff33b28000 	C:\Windows\SYSTEM32\srvcli.dll
0x00007fff423a0000 - 0x00007fff4240a000 	C:\Windows\system32\mswsock.dll
0x00007fff3cda0000 - 0x00007fff3cdad000 	C:\Program Files\Java\jdk1.8.0_202\jre\bin\management.dll
0x00007fff1d760000 - 0x00007fff1d777000 	C:\Windows\system32\napinsp.dll
0x00007fff1d700000 - 0x00007fff1d71b000 	C:\Windows\system32\pnrpnsp.dll
0x00007fff1d6e0000 - 0x00007fff1d6f5000 	C:\Windows\system32\wshbth.dll
0x00007fff3e1b0000 - 0x00007fff3e1cd000 	C:\Windows\system32\NLAapi.dll
0x00007fff42020000 - 0x00007fff4205b000 	C:\Windows\SYSTEM32\IPHLPAPI.DLL
0x00007fff42060000 - 0x00007fff4212b000 	C:\Windows\SYSTEM32\DNSAPI.dll
0x00007fff43c00000 - 0x00007fff43c08000 	C:\Windows\System32\NSI.dll
0x00007fff1d6c0000 - 0x00007fff1d6d2000 	C:\Windows\System32\winrnr.dll
0x00007fff343b0000 - 0x00007fff343ba000 	C:\Windows\System32\rasadhlp.dll
0x00007fff343f0000 - 0x00007fff34470000 	C:\Windows\System32\fwpuclnt.dll
0x00007fff42d80000 - 0x00007fff42da7000 	C:\Windows\System32\bcrypt.dll
0x00007fff261a0000 - 0x00007fff261b2000 	C:\Program Files\Java\jdk1.8.0_202\jre\bin\nio.dll

VM Arguments:
jvm_args: -javaagent:C:\Program Files\JetBrains\IntelliJ IDEA Community Edition 2022.3.2\lib\idea_rt.jar=55415:C:\Program Files\JetBrains\IntelliJ IDEA Community Edition 2022.3.2\bin -Dfile.encoding=UTF-8 
java_command: com.blog.BlogapplicationApplication
java_class_path (initial): C:\Program Files\Java\jdk1.8.0_202\jre\lib\charsets.jar;C:\Program Files\Java\jdk1.8.0_202\jre\lib\deploy.jar;C:\Program Files\Java\jdk1.8.0_202\jre\lib\ext\access-bridge-64.jar;C:\Program Files\Java\jdk1.8.0_202\jre\lib\ext\cldrdata.jar;C:\Program Files\Java\jdk1.8.0_202\jre\lib\ext\dnsns.jar;C:\Program Files\Java\jdk1.8.0_202\jre\lib\ext\jaccess.jar;C:\Program Files\Java\jdk1.8.0_202\jre\lib\ext\jfxrt.jar;C:\Program Files\Java\jdk1.8.0_202\jre\lib\ext\localedata.jar;C:\Program Files\Java\jdk1.8.0_202\jre\lib\ext\nashorn.jar;C:\Program Files\Java\jdk1.8.0_202\jre\lib\ext\sunec.jar;C:\Program Files\Java\jdk1.8.0_202\jre\lib\ext\sunjce_provider.jar;C:\Program Files\Java\jdk1.8.0_202\jre\lib\ext\sunmscapi.jar;C:\Program Files\Java\jdk1.8.0_202\jre\lib\ext\sunpkcs11.jar;C:\Program Files\Java\jdk1.8.0_202\jre\lib\ext\zipfs.jar;C:\Program Files\Java\jdk1.8.0_202\jre\lib\javaws.jar;C:\Program Files\Java\jdk1.8.0_202\jre\lib\jce.jar;C:\Program Files\Java\jdk1.8.0_202\jre\lib\jfr.jar;C:\Program Files\Java\jdk1.8.0_202\jre\lib\jfxswt.jar;C:\Program Files\Java\jdk1.8.0_202\jre\lib\jsse.jar;C:\Program Files\Java\jdk1.8.0_202\jre\lib\management-agent.jar;C:\Program Files\Java\jdk1.8.0_202\jre\lib\plugin.jar;C:\Program Files\Java\jdk1.8.0_202\jre\lib\resources.jar;C:\Program Files\Java\jdk1.8.0_202\jre\lib\rt.jar;D:\Project\blogapplication\target\classes;C:\Users\rezau\.m2\repository\org\springframework\boot\spring-boot-starter-data-jpa\2.7.9\spring-boot-starter-data-jpa-2.7.9.jar;C:\Users\rezau\.m2\repository\org\springframework\boot\spring-boot-starter-aop\2.7.9\spring-boot-starter-aop-2.7.9.jar;C:\Users\rezau\.m2\repository\org\springframework\spring-aop\5.3.25\spring-aop-5.3.25.jar;C:\Users\rezau\.m2\repository\org\aspectj\aspectjweaver\1.9.7\aspectjweaver-1.9.7.jar;C:\Users\rezau\.m2\repository\org\springframework\boot\spring-boot-starter-jdbc\2.7.9\spring-boot-starter-jdbc-2.7.9.jar;C:\Users\rezau\.m2\repository\com\zaxxer\HikariCP\4.0.3\Hikari
Launcher Type: SUN_STANDARD

Environment Variables:
PATH=C:\Windows\system32;C:\Windows;C:\Windows\System32\Wbem;C:\Windows\System32\WindowsPowerShell\v1.0\;C:\Windows\System32\OpenSSH\;C:\Program Files\Java\jdk1.8.0_202\bin;C:\Program Files\MySQL\MySQL Shell 8.0\bin\;C:\Users\rezau\AppData\Local\Microsoft\WindowsApps;
USERNAME=rezau
OS=Windows_NT
PROCESSOR_IDENTIFIER=Intel64 Family 6 Model 126 Stepping 5, GenuineIntel



---------------  S Y S T E M  ---------------

OS: Windows 10.0 , 64 bit Build 19041 (10.0.19041.2546)

CPU:total 4 (initial active 4) (2 cores per cpu, 2 threads per core) family 6 model 126 stepping 5, cmov, cx8, fxsr, mmx, sse, sse2, sse3, ssse3, sse4.1, sse4.2, popcnt, avx, avx2, aes, clmul, erms, 3dnowpref, lzcnt, ht, tsc, tscinvbit, bmi1, bmi2, adx

Memory: 4k page, physical 8124792k(351620k free), swap 26098548k(5540k free)

vm_info: Java HotSpot(TM) 64-Bit Server VM (25.202-b08) for windows-amd64 JRE (1.8.0_202-b08), built on Dec 15 2018 19:54:30 by "java_re" with MS VC++ 10.0 (VS2010)

time: Mon Feb 27 00:03:37 2023
timezone: India Standard Time
elapsed time: 3 seconds (0d 0h 0m 3s)

